Cleared old logs, deployments, and transaction artifacts.
=== VaultChain Africa Automation Bootstrap ===
[+] Detected Python packages to ensure: shutil, typing, web3, psutil, colorama, requests
All required packages already installed.
======================================================================
STAGE 1: Build and test smart contracts
Started at 2025-11-12T16:30:24.611296
======================================================================
$ forge --version
forge Version: 1.4.4-stable
Commit SHA: 05794498bf47257b144e2e2789a1d5bf8566be0e
Build Timestamp: 2025-11-03T23:47:37.546275200Z (1762213657)
Build Profile: maxperf
$ anvil --version
anvil Version: 1.4.4-stable
Commit SHA: 05794498bf47257b144e2e2789a1d5bf8566be0e
Build Timestamp: 2025-11-03T23:47:37.546275200Z (1762213657)
Build Profile: maxperf
$ forge clean
$ forge build
Compiling 79 files with Solc 0.8.30
Solc 0.8.30 finished in 11.35s
Compiler run successful with warnings:
Warning (5667): Unused function parameter. Remove or comment out the variable name to silence this warning.
   --> contracts/loan/LoanLogicFixed.sol:113:9:
    |
113 |         uint256 guarantorCount,
    |         ^^^^^^^^^^^^^^^^^^^^^^

Warning (2072): Unused local variable.
  --> contracts/loan/LoanRequestManager.sol:55:9:
   |
55 |         LoanCore.Loan memory loanStruct = LoanCore.Loan({
   |         ^^^^^^^^^^^^^^^^^^^^^^^^^^^^^^^

Warning (2018): Function state mutability can be restricted to view
  --> test/LoanManager.t.sol:54:5:
   |
54 |     function testLoanManagerInitialized() public {
   |     ^ (Relevant source part starts here and spans across multiple lines).

Warning (5574): Contract code size is 39595 bytes and exceeds 24576 bytes (a limit introduced in Spurious Dragon). This contract may not be deployable on Mainnet. Consider enabling the optimizer (with a low "runs" value!), turning off revert strings, or using libraries.
  --> script/Deploy.s.sol:28:1:
   |
28 | contract Deploy is Script {
   | ^ (Relevant source part starts here and spans across multiple lines).
note[unaliased-plain-import]: use named imports '{A, B}' or alias 'import ".." as X'
 --> contracts\core\interfaces\IMembershipModule.sol:4:8
  |
4 | import "../../membership/Membership_Types.sol";
  |        ^^^^^^^^^^^^^^^^^^^^^^^^^^^^^^^^^^^^^^^
  |
  = help: https://book.getfoundry.sh/reference/forge/forge-lint#unaliased-plain-import

note[unaliased-plain-import]: use named imports '{A, B}' or alias 'import ".." as X'
 --> contracts\WalletManager\WalletFactory.sol:4:8
  |
4 | import "./InternalSmartWallet.sol";
  |        ^^^^^^^^^^^^^^^^^^^^^^^^^^^
  |
  = help: https://book.getfoundry.sh/reference/forge/forge-lint#unaliased-plain-import

note[unaliased-plain-import]: use named imports '{A, B}' or alias 'import ".." as X'
 --> contracts\membership\MembershipModule.sol:4:8
  |
4 | import "./Membership_Events.sol";
  |        ^^^^^^^^^^^^^^^^^^^^^^^^^
  |
  = help: https://book.getfoundry.sh/reference/forge/forge-lint#unaliased-plain-import

note[unaliased-plain-import]: use named imports '{A, B}' or alias 'import ".." as X'
 --> contracts\membership\MembershipModule.sol:5:8
  |
5 | import "./Membership_Errors.sol";
  |        ^^^^^^^^^^^^^^^^^^^^^^^^^
  |
  = help: https://book.getfoundry.sh/reference/forge/forge-lint#unaliased-plain-import

note[unaliased-plain-import]: use named imports '{A, B}' or alias 'import ".." as X'
 --> contracts\membership\MembershipModule.sol:6:8
  |
6 | import "./Membership_Shares.sol";
  |        ^^^^^^^^^^^^^^^^^^^^^^^^^
  |
  = help: https://book.getfoundry.sh/reference/forge/forge-lint#unaliased-plain-import

note[unaliased-plain-import]: use named imports '{A, B}' or alias 'import ".." as X'
 --> contracts\membership\MembershipModule.sol:7:8
  |
7 | import "./Membership_Types.sol";
  |        ^^^^^^^^^^^^^^^^^^^^^^^^
  |
  = help: https://book.getfoundry.sh/reference/forge/forge-lint#unaliased-plain-import

note[unaliased-plain-import]: use named imports '{A, B}' or alias 'import ".." as X'
 --> contracts\membership\MembershipModule.sol:8:8
  |
8 | import "./MembershipStructs.sol";
  |        ^^^^^^^^^^^^^^^^^^^^^^^^^
  |
  = help: https://book.getfoundry.sh/reference/forge/forge-lint#unaliased-plain-import

note[unaliased-plain-import]: use named imports '{A, B}' or alias 'import ".." as X'
 --> contracts\loan\LoanCore.sol:5:8
  |
5 | import "../core/interfaces/IMembershipModule.sol";
  |        ^^^^^^^^^^^^^^^^^^^^^^^^^^^^^^^^^^^^^^^^^^
  |
  = help: https://book.getfoundry.sh/reference/forge/forge-lint#unaliased-plain-import

note[mixed-case-variable]: mutable variables should use mixedCase
  --> contracts\loan\LoanCore.sol:39:17
   |
39 |         uint256 loan_amount;
   |                 ^^^^^^^^^^^
   |
   = help: https://book.getfoundry.sh/reference/forge/forge-lint#mixed-case-variable

note[unwrapped-modifier-logic]: wrap modifier logic to reduce code size
 --> contracts\WalletManager\InternalSmartWallet.sol:9:14
  |
9 |     modifier onlyOwner() {
  |              ^^^^^^^^^
  |
  = note: wrap modifier logic to reduce code size
          
          - modifier onlyOwner() {
          -     require(msg.sender == owner, "Not owner");
          -     _;
          - }
          + modifier onlyOwner() {
          +     _onlyOwner();
          +     _;
          + }
          + 
          + function _onlyOwner() internal {
          +     require(msg.sender == owner, "Not owner");
          + }
          
          
  = help: https://book.getfoundry.sh/reference/forge/forge-lint#unwrapped-modifier-logic

note[unwrapped-modifier-logic]: wrap modifier logic to reduce code size
  --> contracts\WalletManager\InternalSmartWallet.sol:14:14
   |
14 |     modifier onlyAuthorized() {
   |              ^^^^^^^^^^^^^^
   |
   = note: wrap modifier logic to reduce code size
           
           - modifier onlyAuthorized() {
           -     require(msg.sender == owner || sessionKeys[msg.sender], "Unauthorized");
           -     _;
           - }
           + modifier onlyAuthorized() {
           +     _onlyAuthorized();
           +     _;
           + }
           + 
           + function _onlyAuthorized() internal {
           +     require(msg.sender == owner || sessionKeys[msg.sender], "Unauthorized");
           + }
           
           
   = help: https://book.getfoundry.sh/reference/forge/forge-lint#unwrapped-modifier-logic

note[screaming-snake-case-immutable]: immutables should use SCREAMING_SNAKE_CASE
 --> contracts\WalletManager\OverrideManager.sol:7:30
  |
7 |     address public immutable owner;
  |                              ^^^^^
  |
  = help: https://book.getfoundry.sh/reference/forge/forge-lint#screaming-snake-case-immutable

note[unaliased-plain-import]: use named imports '{A, B}' or alias 'import ".." as X'
 --> contracts\loan\LoanDisburser.sol:5:8
  |
5 | import "./LoanCore.sol";
  |        ^^^^^^^^^^^^^^^^
  |
  = help: https://book.getfoundry.sh/reference/forge/forge-lint#unaliased-plain-import

note[unaliased-plain-import]: use named imports '{A, B}' or alias 'import ".." as X'
 --> contracts\loan\LoanDisburser.sol:6:8
  |
6 | import "../core/interfaces/IMembershipModule.sol";
  |        ^^^^^^^^^^^^^^^^^^^^^^^^^^^^^^^^^^^^^^^^^^
  |
  = help: https://book.getfoundry.sh/reference/forge/forge-lint#unaliased-plain-import

note[unaliased-plain-import]: use named imports '{A, B}' or alias 'import ".." as X'
 --> contracts\loan\LoanDisburser.sol:7:8
  |
7 | import "@openzeppelin/contracts/token/ERC20/utils/SafeERC20.sol";
  |        ^^^^^^^^^^^^^^^^^^^^^^^^^^^^^^^^^^^^^^^^^^^^^^^^^^^^^^^^^
  |
  = help: https://book.getfoundry.sh/reference/forge/forge-lint#unaliased-plain-import

note[unaliased-plain-import]: use named imports '{A, B}' or alias 'import ".." as X'
 --> contracts\WalletManager\WalletManager.sol:4:8
  |
4 | import "@openzeppelin/contracts/access/AccessControl.sol";
  |        ^^^^^^^^^^^^^^^^^^^^^^^^^^^^^^^^^^^^^^^^^^^^^^^^^^
  |
  = help: https://book.getfoundry.sh/reference/forge/forge-lint#unaliased-plain-import

note[unaliased-plain-import]: use named imports '{A, B}' or alias 'import ".." as X'
 --> contracts\WalletManager\WalletManager.sol:5:8
  |
5 | import "@openzeppelin/contracts/utils/Address.sol";
  |        ^^^^^^^^^^^^^^^^^^^^^^^^^^^^^^^^^^^^^^^^^^^
  |
  = help: https://book.getfoundry.sh/reference/forge/forge-lint#unaliased-plain-import

note[unaliased-plain-import]: use named imports '{A, B}' or alias 'import ".." as X'
 --> contracts\WalletManager\WalletManager.sol:6:8
  |
6 | import "../core/interfaces/IMembershipModule.sol";
  |        ^^^^^^^^^^^^^^^^^^^^^^^^^^^^^^^^^^^^^^^^^^
  |
  = help: https://book.getfoundry.sh/reference/forge/forge-lint#unaliased-plain-import

note[unaliased-plain-import]: use named imports '{A, B}' or alias 'import ".." as X'
 --> contracts\WalletManager\WalletManager.sol:7:8
  |
7 | import "../core/interfaces/IWalletFactory.sol";
  |        ^^^^^^^^^^^^^^^^^^^^^^^^^^^^^^^^^^^^^^^
  |
  = help: https://book.getfoundry.sh/reference/forge/forge-lint#unaliased-plain-import

note[unaliased-plain-import]: use named imports '{A, B}' or alias 'import ".." as X'
 --> contracts\WalletManager\WalletManager.sol:8:8
  |
8 | import "../core/interfaces/IFeeManager.sol";
  |        ^^^^^^^^^^^^^^^^^^^^^^^^^^^^^^^^^^^^
  |
  = help: https://book.getfoundry.sh/reference/forge/forge-lint#unaliased-plain-import

note[unaliased-plain-import]: use named imports '{A, B}' or alias 'import ".." as X'
 --> contracts\WalletManager\WalletManager.sol:9:8
  |
9 | import "../membership/Membership_Events.sol";
  |        ^^^^^^^^^^^^^^^^^^^^^^^^^^^^^^^^^^^^^
  |
  = help: https://book.getfoundry.sh/reference/forge/forge-lint#unaliased-plain-import

note[unaliased-plain-import]: use named imports '{A, B}' or alias 'import ".." as X'
 --> contracts\loan\LoanDisburser.sol:8:8
  |
8 | import "@openzeppelin/contracts/token/ERC20/IERC20.sol";
  |        ^^^^^^^^^^^^^^^^^^^^^^^^^^^^^^^^^^^^^^^^^^^^^^^^
  |
  = help: https://book.getfoundry.sh/reference/forge/forge-lint#unaliased-plain-import

note[unaliased-plain-import]: use named imports '{A, B}' or alias 'import ".." as X'
 --> contracts\loan\LoanDisburser.sol:9:8
  |
9 | import "@openzeppelin/contracts/utils/ReentrancyGuard.sol";
  |        ^^^^^^^^^^^^^^^^^^^^^^^^^^^^^^^^^^^^^^^^^^^^^^^^^^^
  |
  = help: https://book.getfoundry.sh/reference/forge/forge-lint#unaliased-plain-import

note[unaliased-plain-import]: use named imports '{A, B}' or alias 'import ".." as X'
  --> contracts\loan\LoanDisburser.sol:10:8
   |
10 | import "@openzeppelin/contracts/access/AccessControl.sol";
   |        ^^^^^^^^^^^^^^^^^^^^^^^^^^^^^^^^^^^^^^^^^^^^^^^^^^
   |
   = help: https://book.getfoundry.sh/reference/forge/forge-lint#unaliased-plain-import

note[unaliased-plain-import]: use named imports '{A, B}' or alias 'import ".." as X'
 --> test\LoanManager.t.sol:4:8
  |
4 | import "forge-std/Test.sol";
  |        ^^^^^^^^^^^^^^^^^^^^
  |
  = help: https://book.getfoundry.sh/reference/forge/forge-lint#unaliased-plain-import

note[unused-import]: unused imports should be removed
  --> script\Deploy.s.sol:12:9
   |
12 | import {Marketplace} from "../contracts/marketplace/Marketplace.sol";
   |         ^^^^^^^^^^^
   |
   = help: https://book.getfoundry.sh/reference/forge/forge-lint#unused-import

note[unwrapped-modifier-logic]: wrap modifier logic to reduce code size
  --> contracts\WalletManager\OverrideManager.sol:15:14
   |
15 |     modifier onlyOwner() {
   |              ^^^^^^^^^
   |
   = note: wrap modifier logic to reduce code size
           
           - modifier onlyOwner() {
           -     require(msg.sender == owner, "OverrideManager: not authorized");
           -     _;
           - }
           + modifier onlyOwner() {
           +     _onlyOwner();
           +     _;
           + }
           + 
           + function _onlyOwner() internal {
           +     require(msg.sender == owner, "OverrideManager: not authorized");
           + }
           
           
   = help: https://book.getfoundry.sh/reference/forge/forge-lint#unwrapped-modifier-logic

note[unaliased-plain-import]: use named imports '{A, B}' or alias 'import ".." as X'
 --> test\MembershipModule.t.sol:4:8
  |
4 | import "forge-std/Test.sol";
  |        ^^^^^^^^^^^^^^^^^^^^
  |
  = help: https://book.getfoundry.sh/reference/forge/forge-lint#unaliased-plain-import

note[unaliased-plain-import]: use named imports '{A, B}' or alias 'import ".." as X'
 --> test\MembershipModule.t.sol:5:8
  |
5 | import "../contracts/membership/MembershipModule.sol";
  |        ^^^^^^^^^^^^^^^^^^^^^^^^^^^^^^^^^^^^^^^^^^^^^^
  |
  = help: https://book.getfoundry.sh/reference/forge/forge-lint#unaliased-plain-import

note[unaliased-plain-import]: use named imports '{A, B}' or alias 'import ".." as X'
 --> test\MembershipModule.t.sol:6:8
  |
6 | import "../contracts/membership/Membership_Types.sol";
  |        ^^^^^^^^^^^^^^^^^^^^^^^^^^^^^^^^^^^^^^^^^^^^^^
  |
  = help: https://book.getfoundry.sh/reference/forge/forge-lint#unaliased-plain-import

note[unwrapped-modifier-logic]: wrap modifier logic to reduce code size
  --> contracts\membership\MembershipModule.sol:32:14
   |
32 |     modifier onlyAdmin() {
   |              ^^^^^^^^^
   |
   = note: wrap modifier logic to reduce code size
           
           - modifier onlyAdmin() {
           -     if (msg.sender != admin) revert MembershipErrors.NotAuthorized();
           -     _;
           - }
           + modifier onlyAdmin() {
           +     _onlyAdmin();
           +     _;
           + }
           + 
           + function _onlyAdmin() internal {
           +     if (msg.sender != admin) revert MembershipErrors.NotAuthorized();
           + }
           
           
   = help: https://book.getfoundry.sh/reference/forge/forge-lint#unwrapped-modifier-logic

note[unaliased-plain-import]: use named imports '{A, B}' or alias 'import ".." as X'
 --> contracts\loan\LoanManager.sol:4:8
  |
4 | import "@openzeppelin/contracts/access/AccessControl.sol";
  |        ^^^^^^^^^^^^^^^^^^^^^^^^^^^^^^^^^^^^^^^^^^^^^^^^^^
  |
  = help: https://book.getfoundry.sh/reference/forge/forge-lint#unaliased-plain-import

note[unaliased-plain-import]: use named imports '{A, B}' or alias 'import ".." as X'
 --> contracts\loan\LoanRequestManager.sol:4:8
  |
4 | import "./LoanCore.sol";
  |        ^^^^^^^^^^^^^^^^
  |
  = help: https://book.getfoundry.sh/reference/forge/forge-lint#unaliased-plain-import

note[unaliased-plain-import]: use named imports '{A, B}' or alias 'import ".." as X'
 --> contracts\loan\LoanRequestManager.sol:5:8
  |
5 | import "../core/interfaces/IMembershipModule.sol";
  |        ^^^^^^^^^^^^^^^^^^^^^^^^^^^^^^^^^^^^^^^^^^
  |
  = help: https://book.getfoundry.sh/reference/forge/forge-lint#unaliased-plain-import

note[unaliased-plain-import]: use named imports '{A, B}' or alias 'import ".." as X'
 --> contracts\loan\LoanRequestManager.sol:6:8
  |
6 | import "@openzeppelin/contracts/access/AccessControl.sol";
  |        ^^^^^^^^^^^^^^^^^^^^^^^^^^^^^^^^^^^^^^^^^^^^^^^^^^
  |
  = help: https://book.getfoundry.sh/reference/forge/forge-lint#unaliased-plain-import

note[unaliased-plain-import]: use named imports '{A, B}' or alias 'import ".." as X'
 --> contracts\loan\LoanManager.sol:5:8
  |
5 | import "@openzeppelin/contracts/proxy/utils/Initializable.sol";
  |        ^^^^^^^^^^^^^^^^^^^^^^^^^^^^^^^^^^^^^^^^^^^^^^^^^^^^^^^
  |
  = help: https://book.getfoundry.sh/reference/forge/forge-lint#unaliased-plain-import

note[unaliased-plain-import]: use named imports '{A, B}' or alias 'import ".." as X'
 --> contracts\loan\LoanManager.sol:6:8
  |
6 | import "@openzeppelin/contracts/utils/ReentrancyGuard.sol";
  |        ^^^^^^^^^^^^^^^^^^^^^^^^^^^^^^^^^^^^^^^^^^^^^^^^^^^
  |
  = help: https://book.getfoundry.sh/reference/forge/forge-lint#unaliased-plain-import

note[unaliased-plain-import]: use named imports '{A, B}' or alias 'import ".." as X'
 --> contracts\loan\LoanManager.sol:7:8
  |
7 | import "../core/interfaces/IMembershipModule.sol";
  |        ^^^^^^^^^^^^^^^^^^^^^^^^^^^^^^^^^^^^^^^^^^
  |
  = help: https://book.getfoundry.sh/reference/forge/forge-lint#unaliased-plain-import

note[unaliased-plain-import]: use named imports '{A, B}' or alias 'import ".." as X'
 --> contracts\loan\LoanManager.sol:8:8
  |
8 | import "./LoanCore.sol";
  |        ^^^^^^^^^^^^^^^^
  |
  = help: https://book.getfoundry.sh/reference/forge/forge-lint#unaliased-plain-import

note[unaliased-plain-import]: use named imports '{A, B}' or alias 'import ".." as X'
 --> contracts\loan\LoanManager.sol:9:8
  |
9 | import "./LoanLogicFixed.sol";
  |        ^^^^^^^^^^^^^^^^^^^^^^
  |
  = help: https://book.getfoundry.sh/reference/forge/forge-lint#unaliased-plain-import

note[unaliased-plain-import]: use named imports '{A, B}' or alias 'import ".." as X'
 --> contracts\loan\LoanLogicFixed.sol:4:8
  |
4 | import "@openzeppelin/contracts/token/ERC20/IERC20.sol";
  |        ^^^^^^^^^^^^^^^^^^^^^^^^^^^^^^^^^^^^^^^^^^^^^^^^
  |
  = help: https://book.getfoundry.sh/reference/forge/forge-lint#unaliased-plain-import

note[unused-import]: unused imports should be removed
  --> script\Deploy.s.sol:13:9
   |
13 | import {OracleAggregator} from "../contracts/oracle/OracleAggregator.sol";
   |         ^^^^^^^^^^^^^^^^
   |
   = help: https://book.getfoundry.sh/reference/forge/forge-lint#unused-import

note[unused-import]: unused imports should be removed
  --> script\Deploy.s.sol:14:9
   |
14 | import {PoolVaultERC4626} from "../contracts/pool/PoolVaultERC4626.sol";
   |         ^^^^^^^^^^^^^^^^
   |
   = help: https://book.getfoundry.sh/reference/forge/forge-lint#unused-import

note[unused-import]: unused imports should be removed
  --> script\Deploy.s.sol:15:9
   |
15 | import {Treasury} from "../contracts/treasury/Treasury.sol";
   |         ^^^^^^^^
   |
   = help: https://book.getfoundry.sh/reference/forge/forge-lint#unused-import

note[unused-import]: unused imports should be removed
  --> script\Deploy.s.sol:16:9
   |
16 | import {TimelockController} from "../contracts/governance/TimelockController.sol";
   |         ^^^^^^^^^^^^^^^^^^
   |
   = help: https://book.getfoundry.sh/reference/forge/forge-lint#unused-import

note[unwrapped-modifier-logic]: wrap modifier logic to reduce code size
  --> contracts\membership\MembershipModule.sol:37:14
   |
37 |     modifier onlyApprover() {
   |              ^^^^^^^^^^^^
   |
   = note: wrap modifier logic to reduce code size
           
           - modifier onlyApprover() {
           -     if (!approvers[msg.sender]) revert MembershipErrors.NotAnApprover();
           -     _;
           - }
           + modifier onlyApprover() {
           +     _onlyApprover();
           +     _;
           + }
           + 
           + function _onlyApprover() internal {
           +     if (!approvers[msg.sender]) revert MembershipErrors.NotAnApprover();
           + }
           
           
   = help: https://book.getfoundry.sh/reference/forge/forge-lint#unwrapped-modifier-logic

note[unaliased-plain-import]: use named imports '{A, B}' or alias 'import ".." as X'
 --> contracts\loan\LoanLogicFixed.sol:5:8
  |
5 | import "@openzeppelin/contracts/token/ERC20/utils/SafeERC20.sol";
  |        ^^^^^^^^^^^^^^^^^^^^^^^^^^^^^^^^^^^^^^^^^^^^^^^^^^^^^^^^^
  |
  = help: https://book.getfoundry.sh/reference/forge/forge-lint#unaliased-plain-import

note[unaliased-plain-import]: use named imports '{A, B}' or alias 'import ".." as X'
 --> contracts\loan\LoanLogicFixed.sol:6:8
  |
6 | import "../core/interfaces/IMembershipModule.sol";
  |        ^^^^^^^^^^^^^^^^^^^^^^^^^^^^^^^^^^^^^^^^^^
  |
  = help: https://book.getfoundry.sh/reference/forge/forge-lint#unaliased-plain-import

note[unaliased-plain-import]: use named imports '{A, B}' or alias 'import ".." as X'
 --> contracts\loan\LoanLogicFixed.sol:7:8
  |
7 | import "./LoanCore.sol";
  |        ^^^^^^^^^^^^^^^^
  |
  = help: https://book.getfoundry.sh/reference/forge/forge-lint#unaliased-plain-import

note[unaliased-plain-import]: use named imports '{A, B}' or alias 'import ".." as X'
 --> contracts\loan\LoanLogicFixed.sol:8:8
  |
8 | import "@openzeppelin/contracts/utils/ReentrancyGuard.sol";
  |        ^^^^^^^^^^^^^^^^^^^^^^^^^^^^^^^^^^^^^^^^^^^^^^^^^^^
  |
  = help: https://book.getfoundry.sh/reference/forge/forge-lint#unaliased-plain-import

note[unaliased-plain-import]: use named imports '{A, B}' or alias 'import ".." as X'
 --> contracts\WalletManager\Relayer.sol:5:8
  |
5 | import "@openzeppelin/contracts/utils/ReentrancyGuard.sol";
  |        ^^^^^^^^^^^^^^^^^^^^^^^^^^^^^^^^^^^^^^^^^^^^^^^^^^^
  |
  = help: https://book.getfoundry.sh/reference/forge/forge-lint#unaliased-plain-import

note[unaliased-plain-import]: use named imports '{A, B}' or alias 'import ".." as X'
 --> contracts\WalletManager\Relayer.sol:6:8
  |
6 | import "../core/interfaces/IFeeManager.sol";
  |        ^^^^^^^^^^^^^^^^^^^^^^^^^^^^^^^^^^^^
  |
  = help: https://book.getfoundry.sh/reference/forge/forge-lint#unaliased-plain-import

note[unaliased-plain-import]: use named imports '{A, B}' or alias 'import ".." as X'
 --> contracts\WalletManager\Relayer.sol:7:8
  |
7 | import "./InternalSmartWallet.sol";
  |        ^^^^^^^^^^^^^^^^^^^^^^^^^^^
  |
  = help: https://book.getfoundry.sh/reference/forge/forge-lint#unaliased-plain-import

note[unwrapped-modifier-logic]: wrap modifier logic to reduce code size
  --> contracts\loan\LoanLogicFixed.sol:57:14
   |
57 |     modifier onlyLoanLogic() {
   |              ^^^^^^^^^^^^^
   |
   = note: wrap modifier logic to reduce code size
           
           - modifier onlyLoanLogic() {
           -     require(msg.sender == loanLogic, "Only LoanLogic allowed");
           -     _;
           - }
           + modifier onlyLoanLogic() {
           +     _onlyLoanLogic();
           +     _;
           + }
           + 
           + function _onlyLoanLogic() internal {
           +     require(msg.sender == loanLogic, "Only LoanLogic allowed");
           + }
           
           
   = help: https://book.getfoundry.sh/reference/forge/forge-lint#unwrapped-modifier-logic

note[mixed-case-variable]: mutable variables should use mixedCase
  --> contracts\WalletManager\Relayer.sol:10:20
   |
10 |     bytes32 public DOMAIN_SEPARATOR;
   |                    ^^^^^^^^^^^^^^^^
   |
   = help: https://book.getfoundry.sh/reference/forge/forge-lint#mixed-case-variable

note[asm-keccak256]: use of inefficient hashing mechanism; consider using inline assembly
  --> contracts\WalletManager\Relayer.sol:59:30
   |
59 |           bytes32 structHash = keccak256(abi.encode(
   |  ______________________________^
60 | |             META_TX_TYPEHASH,
61 | |             from,
62 | |             to,
...  |
65 | |             fee
66 | |         ));
   | |__________^
   |
   = help: https://book.getfoundry.sh/reference/forge/forge-lint#asm-keccak256

note[asm-keccak256]: use of inefficient hashing mechanism; consider using inline assembly
  --> contracts\WalletManager\Relayer.sol:68:26
   |
68 |         bytes32 digest = keccak256(abi.encodePacked("\x19\x01", DOMAIN_SEPARATOR, structHash));
   |                          ^^^^^^^^^^^^^^^^^^^^^^^^^^^^^^^^^^^^^^^^^^^^^^^^^^^^^^^^^^^^^^^^^^^^^
   |
   = help: https://book.getfoundry.sh/reference/forge/forge-lint#asm-keccak256
$ forge test -vv
No files changed, compilation skipped

Ran 1 test for test/MembershipModule.t.sol:MembershipModuleTest
[FAIL: NotAuthorized()] setUp() (gas: 0)
Suite result: FAILED. 0 passed; 1 failed; 0 skipped; finished in 775.40µs (0.00ns CPU time)

Ran 2 tests for test/SampleTest.t.sol:SampleTest
[PASS] testAddition() (gas: 532)
[PASS] testSubtraction() (gas: 400)
Suite result: ok. 2 passed; 0 failed; 0 skipped; finished in 338.90µs (154.10µs CPU time)

Ran 4 tests for test/LoanManager.t.sol:LoanManagerTest
[FAIL: Member not registered] testCreateLoan() (gas: 22322)
[PASS] testLoanManagerInitialized() (gas: 2671)
[FAIL: Member not registered] testReduceLoanAmount() (gas: 22520)
[FAIL: Member not registered] testUpdateLoanStatus() (gas: 22607)
Suite result: FAILED. 1 passed; 3 failed; 0 skipped; finished in 976.90µs (375.40µs CPU time)

Ran 3 test suites in 10.60ms (2.09ms CPU time): 3 tests passed, 4 failed, 0 skipped (7 total tests)

Failing tests:
Encountered 3 failing tests in test/LoanManager.t.sol:LoanManagerTest
[FAIL: Member not registered] testCreateLoan() (gas: 22322)
[FAIL: Member not registered] testReduceLoanAmount() (gas: 22520)
[FAIL: Member not registered] testUpdateLoanStatus() (gas: 22607)

Encountered 1 failing test in test/MembershipModule.t.sol:MembershipModuleTest
[FAIL: NotAuthorized()] setUp() (gas: 0)

Encountered a total of 4 failing tests, 3 tests succeeded
Stage 1 completed successfully.
======================================================================
STAGE 2: Ensure local Anvil chain
Started at 2025-11-12T16:30:38.625227
======================================================================
Detected running Anvil instance. Reusing it.
======================================================================
STAGE 3: Deploy contracts and capture artifacts
Started at 2025-11-12T16:30:38.655576
======================================================================
Executing deployment: forge script C:\Users\kefak\Projects\Blockchain+Projects\VaultChainAfrica_v1\script\Deploy.s.sol --rpc-url http://127.0.0.1:8545 --broadcast --chain-id 31337
No deployed contracts detected. Ensure Deploy.s.sol prints 'DeployedContract:ContractName:0x...' for each contract.
Deployment stage completed successfully.
No deployment summary found at C:\Users\kefak\Projects\Blockchain+Projects\VaultChainAfrica_v1\vc_automation\deployments\31337\deployment_summary_2025-11-12_16-30-24.json. Cannot proceed.
All automation stages completed. Logs stored at: C:\Users\kefak\Projects\Blockchain+Projects\VaultChainAfrica_v1\vc_automation\logs\automation_2025-11-12_16-30-24.log
